0 info it worked if it ends with ok
1 verbose cli [ 'C:\\Program Files (x86)\\nodejs\\\\node.exe',
1 verbose cli   'C:\\Program Files (x86)\\nodejs\\node_modules\\npm\\bin\\npm-cli.js',
1 verbose cli   'install' ]
2 info using npm@1.2.18
3 info using node@v0.10.5
4 verbose node symlink C:\Program Files (x86)\nodejs\\node.exe
5 verbose read json c:\BitNami\rubystack-2.0.0-4\projects\commstrat-tools\realtime\package.json
6 error install Couldn't read dependencies
7 error Error: invalid version: 0.1
7 error     at validVersion (C:\Program Files (x86)\nodejs\node_modules\npm\node_modules\read-package-json\read-json.js:571:40)
7 error     at final (C:\Program Files (x86)\nodejs\node_modules\npm\node_modules\read-package-json\read-json.js:323:23)
7 error     at C:\Program Files (x86)\nodejs\node_modules\npm\node_modules\read-package-json\read-json.js:139:33
7 error     at cb (C:\Program Files (x86)\nodejs\node_modules\npm\node_modules\slide\lib\async-map.js:48:11)
7 error     at C:\Program Files (x86)\nodejs\node_modules\npm\node_modules\read-package-json\read-json.js:301:48
7 error     at fs.js:207:20
7 error     at Object.oncomplete (fs.js:107:15)
8 error If you need help, you may report this log at:
8 error     <http://github.com/isaacs/npm/issues>
8 error or email it to:
8 error     <npm-@googlegroups.com>
9 error System Windows_NT 6.2.9200
10 error command "C:\\Program Files (x86)\\nodejs\\\\node.exe" "C:\\Program Files (x86)\\nodejs\\node_modules\\npm\\bin\\npm-cli.js" "install"
11 error cwd c:\BitNami\rubystack-2.0.0-4\projects\commstrat-tools\realtime
12 error node -v v0.10.5
13 error npm -v 1.2.18
14 verbose exit [ 1, true ]
